Time : 27/09/2017 10:01:10
IP : 127.0.0.1
URL : http://mmo.vn/CP/Default.aspx?rnd=640818
Message : Object reference not set to an instance of an object.
Source : App_Web_mcontent.ascx.c2fc07f7.jim0gzvc
TargetSite : Void __Render__control1(System.Web.UI.HtmlTextWriter, System.Web.UI.Control)
StackTrace :    at ASP.views_design_mcontent_ascx.__Render__control1(HtmlTextWriter __w, Control parameterContainer) in g:\Working\MMO\Git\Sources\VSW.Website\Views\Design\MContent.ascx:line 34
   at System.Web.UI.Control.RenderChildrenInternal(HtmlTextWriter writer, ICollection children)
   at System.Web.UI.Control.RenderControlInternal(HtmlTextWriter writer, ControlAdapter adapter)
   at System.Web.UI.Control.RenderChildrenInternal(HtmlTextWriter writer, ICollection children)
   at System.Web.UI.WebControls.WebControl.RenderContents(HtmlTextWriter writer)
   at System.Web.UI.WebControls.WebControl.Render(HtmlTextWriter writer)
   at System.Web.UI.Control.RenderControlInternal(HtmlTextWriter writer, ControlAdapter adapter)
   at VSW.Core.Web.Utils.GetHtmlControl(Page ViewPage, String ControlPath, Object[] Params)
   at VSW.Lib.CPControllers.AjaxController.ActionPageGetControl(PageGetControlModel model) in G:\Working\MMO\Git\Sources\VSW.Lib\CPControllers\AjaxController.cs:line 62


Time : 27/09/2017 10:01:33
IP : 127.0.0.1
URL : http://mmo.vn/CP/Default.aspx?rnd=708364
Message : Object reference not set to an instance of an object.
Source : App_Web_mcontent.ascx.c2fc07f7.jim0gzvc
TargetSite : Void __Render__control1(System.Web.UI.HtmlTextWriter, System.Web.UI.Control)
StackTrace :    at ASP.views_design_mcontent_ascx.__Render__control1(HtmlTextWriter __w, Control parameterContainer) in g:\Working\MMO\Git\Sources\VSW.Website\Views\Design\MContent.ascx:line 34
   at System.Web.UI.Control.RenderChildrenInternal(HtmlTextWriter writer, ICollection children)
   at System.Web.UI.Control.RenderControlInternal(HtmlTextWriter writer, ControlAdapter adapter)
   at System.Web.UI.Control.RenderChildrenInternal(HtmlTextWriter writer, ICollection children)
   at System.Web.UI.WebControls.WebControl.RenderContents(HtmlTextWriter writer)
   at System.Web.UI.WebControls.WebControl.Render(HtmlTextWriter writer)
   at System.Web.UI.Control.RenderControlInternal(HtmlTextWriter writer, ControlAdapter adapter)
   at VSW.Core.Web.Utils.GetHtmlControl(Page ViewPage, String ControlPath, Object[] Params)
   at VSW.Lib.CPControllers.AjaxController.ActionPageGetControl(PageGetControlModel model) in G:\Working\MMO\Git\Sources\VSW.Lib\CPControllers\AjaxController.cs:line 62


